<?xml version="1.0" encoding="UTF-8"?>
<testng-results skipped="9" failed="1" total="10" passed="0">
  <reporter-output>
  </reporter-output>
  <suite name="Default suite" duration-ms="296" started-at="2022-04-25T19:39:59Z" finished-at="2022-04-25T19:39:59Z">
    <groups>
    </groups>
    <test name="Default test" duration-ms="296" started-at="2022-04-25T19:39:59Z" finished-at="2022-04-25T19:39:59Z">
      <class name="testcases.HomePageTest">
        <test-method status="FAIL" signature="setup()[pri:0, instance:testcases.HomePageTest@5025a98f]" name="setup" is-config="true" duration-ms="0" started-at="2022-04-26T01:09:59Z" finished-at="2022-04-26T01:09:59Z">
          <exception class="java.lang.NullPointerException">
            <full-stacktrace>
              <![CDATA[java.lang.NullPointerException
	at org.openqa.selenium.support.pagefactory.DefaultElementLocator.findElement(DefaultElementLocator.java:69)
	at org.openqa.selenium.support.pagefactory.internal.LocatingElementHandler.invoke(LocatingElementHandler.java:38)
	at com.sun.proxy.$Proxy11.sendKeys(Unknown Source)
	at pages.LoginPage.Login(LoginPage.java:129)
	at testcases.HomePageTest.setup(HomePageTest.java:43)
	at sun.reflect.NativeMethodAccessorImpl.invoke0(Native Method)
	at sun.reflect.NativeMethodAccessorImpl.invoke(Unknown Source)
	at sun.reflect.DelegatingMethodAccessorImpl.invoke(Unknown Source)
	at java.lang.reflect.Method.invoke(Unknown Source)
	at org.testng.internal.MethodInvocationHelper.invokeMethod(MethodInvocationHelper.java:80)
	at org.testng.internal.Invoker.invokeConfigurationMethod(Invoker.java:564)
	at org.testng.internal.Invoker.invokeConfigurations(Invoker.java:213)
	at org.testng.internal.Invoker.invokeMethod(Invoker.java:653)
	at org.testng.internal.Invoker.invokeTestMethod(Invoker.java:901)
	at org.testng.internal.Invoker.invokeTestMethods(Invoker.java:1231)
	at org.testng.internal.TestMethodWorker.invokeTestMethods(TestMethodWorker.java:127)
	at org.testng.internal.TestMethodWorker.run(TestMethodWorker.java:111)
	at org.testng.TestRunner.privateRun(TestRunner.java:767)
	at org.testng.TestRunner.run(TestRunner.java:617)
	at org.testng.SuiteRunner.runTest(SuiteRunner.java:334)
	at org.testng.SuiteRunner.runSequentially(SuiteRunner.java:329)
	at org.testng.SuiteRunner.privateRun(SuiteRunner.java:291)
	at org.testng.SuiteRunner.run(SuiteRunner.java:240)
	at org.testng.SuiteRunnerWorker.runSuite(SuiteRunnerWorker.java:52)
	at org.testng.SuiteRunnerWorker.run(SuiteRunnerWorker.java:86)
	at org.testng.TestNG.runSuitesSequentially(TestNG.java:1198)
	at org.testng.TestNG.runSuitesLocally(TestNG.java:1123)
	at org.testng.TestNG.run(TestNG.java:1031)
	at org.testng.remote.AbstractRemoteTestNG.run(AbstractRemoteTestNG.java:115)
	at org.testng.remote.RemoteTestNG.initAndRun(RemoteTestNG.java:251)
	at org.testng.remote.RemoteTestNG.main(RemoteTestNG.java:77)
]]>
            </full-stacktrace>
          </exception> <!-- java.lang.NullPointerException -->
          <reporter-output>
          </reporter-output>
        </test-method> <!-- setup -->
        <test-method status="SKIP" signature="tearDown()[pri:0, instance:testcases.HomePageTest@5025a98f]" name="tearDown" is-config="true" duration-ms="0" started-at="2022-04-26T01:09:59Z" finished-at="2022-04-26T01:09:59Z">
          <reporter-output>
          </reporter-output>
        </test-method> <!-- tearDown -->
        <test-method status="SKIP" signature="HomePageSection1()[pri:0, instance:testcases.HomePageTest@5025a98f]" name="HomePageSection1" duration-ms="15" started-at="2022-04-26T01:09:59Z" description="Home Page:Project Portfolio Section Name Test" finished-at="2022-04-26T01:09:59Z">
          <reporter-output>
          </reporter-output>
        </test-method> <!-- HomePageSection1 -->
        <test-method status="SKIP" signature="HomePageImage()[pri:0, instance:testcases.HomePageTest@5025a98f]" name="HomePageImage" duration-ms="0" started-at="2022-04-26T01:09:59Z" description="Home Page:Page Image Test" finished-at="2022-04-26T01:09:59Z">
          <reporter-output>
          </reporter-output>
        </test-method> <!-- HomePageImage -->
        <test-method status="SKIP" signature="setup()[pri:0, instance:testcases.HomePageTest@5025a98f]" name="setup" is-config="true" duration-ms="0" started-at="2022-04-26T01:09:59Z" finished-at="2022-04-26T01:09:59Z">
          <reporter-output>
          </reporter-output>
        </test-method> <!-- setup -->
        <test-method status="SKIP" signature="setup()[pri:0, instance:testcases.HomePageTest@5025a98f]" name="setup" is-config="true" duration-ms="0" started-at="2022-04-26T01:09:59Z" finished-at="2022-04-26T01:09:59Z">
          <reporter-output>
          </reporter-output>
        </test-method> <!-- setup -->
        <test-method status="SKIP" signature="HomePageSection2()[pri:0, instance:testcases.HomePageTest@5025a98f]" name="HomePageSection2" duration-ms="0" started-at="2022-04-26T01:09:59Z" description="Home Page:Select a Project Section Name Test" finished-at="2022-04-26T01:09:59Z">
          <reporter-output>
          </reporter-output>
        </test-method> <!-- HomePageSection2 -->
        <test-method status="SKIP" signature="tearDown()[pri:0, instance:testcases.HomePageTest@5025a98f]" name="tearDown" is-config="true" duration-ms="0" started-at="2022-04-26T01:09:59Z" finished-at="2022-04-26T01:09:59Z">
          <reporter-output>
          </reporter-output>
        </test-method> <!-- tearDown -->
        <test-method status="SKIP" signature="tearDown()[pri:0, instance:testcases.HomePageTest@5025a98f]" name="tearDown" is-config="true" duration-ms="0" started-at="2022-04-26T01:09:59Z" finished-at="2022-04-26T01:09:59Z">
          <reporter-output>
          </reporter-output>
        </test-method> <!-- tearDown -->
        <test-method status="SKIP" signature="setup()[pri:0, instance:testcases.HomePageTest@5025a98f]" name="setup" is-config="true" duration-ms="0" started-at="2022-04-26T01:09:59Z" finished-at="2022-04-26T01:09:59Z">
          <reporter-output>
          </reporter-output>
        </test-method> <!-- setup -->
        <test-method status="SKIP" signature="HomePageTab1()[pri:0, instance:testcases.HomePageTest@5025a98f]" name="HomePageTab1" duration-ms="0" started-at="2022-04-26T01:09:59Z" description="Home Page:Employees Tab Name Test" finished-at="2022-04-26T01:09:59Z">
          <reporter-output>
          </reporter-output>
        </test-method> <!-- HomePageTab1 -->
        <test-method status="SKIP" signature="setup()[pri:0, instance:testcases.HomePageTest@5025a98f]" name="setup" is-config="true" duration-ms="0" started-at="2022-04-26T01:09:59Z" finished-at="2022-04-26T01:09:59Z">
          <reporter-output>
          </reporter-output>
        </test-method> <!-- setup -->
        <test-method status="SKIP" signature="HomePageTab2()[pri:0, instance:testcases.HomePageTest@5025a98f]" name="HomePageTab2" duration-ms="0" started-at="2022-04-26T01:09:59Z" description="Home Page:Contractors Tab Name Test" finished-at="2022-04-26T01:09:59Z">
          <reporter-output>
          </reporter-output>
        </test-method> <!-- HomePageTab2 -->
        <test-method status="SKIP" signature="tearDown()[pri:0, instance:testcases.HomePageTest@5025a98f]" name="tearDown" is-config="true" duration-ms="0" started-at="2022-04-26T01:09:59Z" finished-at="2022-04-26T01:09:59Z">
          <reporter-output>
          </reporter-output>
        </test-method> <!-- tearDown -->
        <test-method status="SKIP" signature="tearDown()[pri:0, instance:testcases.HomePageTest@5025a98f]" name="tearDown" is-config="true" duration-ms="0" started-at="2022-04-26T01:09:59Z" finished-at="2022-04-26T01:09:59Z">
          <reporter-output>
          </reporter-output>
        </test-method> <!-- tearDown -->
        <test-method status="FAIL" signature="HomePageDropdownVerification(java.lang.String)[pri:0, instance:testcases.HomePageTest@5025a98f]" name="HomePageDropdownVerification" duration-ms="0" started-at="2022-04-26T01:09:59Z" description="Home Page: Dropdown Verification" data-provider="getHomePageData" finished-at="2022-04-26T01:09:59Z">
          <exception class="java.lang.RuntimeException">
            <message>
              <![CDATA[java.lang.Error: Unresolved compilation problem: 
	Cannot switch on a value of type String for source level below 1.7. Only convertible int values or enum variables are permitted
]]>
            </message>
            <full-stacktrace>
              <![CDATA[java.lang.RuntimeException: java.lang.Error: Unresolved compilation problem: 
	Cannot switch on a value of type String for source level below 1.7. Only convertible int values or enum variables are permitted

	at org.testng.internal.MethodInvocationHelper.invokeDataProvider(MethodInvocationHelper.java:143)
	at org.testng.internal.Parameters.handleParameters(Parameters.java:426)
	at org.testng.internal.Invoker.handleParameters(Invoker.java:1383)
	at org.testng.internal.Invoker.createParameters(Invoker.java:1075)
	at org.testng.internal.Invoker.invokeTestMethods(Invoker.java:1180)
	at org.testng.internal.TestMethodWorker.invokeTestMethods(TestMethodWorker.java:127)
	at org.testng.internal.TestMethodWorker.run(TestMethodWorker.java:111)
	at org.testng.TestRunner.privateRun(TestRunner.java:767)
	at org.testng.TestRunner.run(TestRunner.java:617)
	at org.testng.SuiteRunner.runTest(SuiteRunner.java:334)
	at org.testng.SuiteRunner.runSequentially(SuiteRunner.java:329)
	at org.testng.SuiteRunner.privateRun(SuiteRunner.java:291)
	at org.testng.SuiteRunner.run(SuiteRunner.java:240)
	at org.testng.SuiteRunnerWorker.runSuite(SuiteRunnerWorker.java:52)
	at org.testng.SuiteRunnerWorker.run(SuiteRunnerWorker.java:86)
	at org.testng.TestNG.runSuitesSequentially(TestNG.java:1198)
	at org.testng.TestNG.runSuitesLocally(TestNG.java:1123)
	at org.testng.TestNG.run(TestNG.java:1031)
	at org.testng.remote.AbstractRemoteTestNG.run(AbstractRemoteTestNG.java:115)
	at org.testng.remote.RemoteTestNG.initAndRun(RemoteTestNG.java:251)
	at org.testng.remote.RemoteTestNG.main(RemoteTestNG.java:77)
Caused by: java.lang.Error: Unresolved compilation problem: 
	Cannot switch on a value of type String for source level below 1.7. Only convertible int values or enum variables are permitted

	at util.TestUtil.getTestDataBaseline(TestUtil.java:149)
	at testcases.HomePageTest.getTestDataBaseline(HomePageTest.java:98)
	at sun.reflect.NativeMethodAccessorImpl.invoke0(Native Method)
	at sun.reflect.NativeMethodAccessorImpl.invoke(Unknown Source)
	at sun.reflect.DelegatingMethodAccessorImpl.invoke(Unknown Source)
	at java.lang.reflect.Method.invoke(Unknown Source)
	at org.testng.internal.MethodInvocationHelper.invokeMethod(MethodInvocationHelper.java:80)
	at org.testng.internal.MethodInvocationHelper.invokeDataProvider(MethodInvocationHelper.java:117)
	... 20 more
]]>
            </full-stacktrace>
          </exception> <!-- java.lang.RuntimeException -->
          <reporter-output>
          </reporter-output>
        </test-method> <!-- HomePageDropdownVerification -->
        <test-method status="SKIP" signature="setup()[pri:0, instance:testcases.HomePageTest@5025a98f]" name="setup" is-config="true" duration-ms="0" started-at="2022-04-26T01:09:59Z" finished-at="2022-04-26T01:09:59Z">
          <reporter-output>
          </reporter-output>
        </test-method> <!-- setup -->
        <test-method status="SKIP" signature="tearDown()[pri:0, instance:testcases.HomePageTest@5025a98f]" name="tearDown" is-config="true" duration-ms="0" started-at="2022-04-26T01:09:59Z" finished-at="2022-04-26T01:09:59Z">
          <reporter-output>
          </reporter-output>
        </test-method> <!-- tearDown -->
        <test-method status="SKIP" signature="ProjectNameinTableView()[pri:0, instance:testcases.HomePageTest@5025a98f]" name="ProjectNameinTableView" duration-ms="0" started-at="2022-04-26T01:09:59Z" description="Home Page:Search by Contractor image Test" finished-at="2022-04-26T01:09:59Z">
          <reporter-output>
          </reporter-output>
        </test-method> <!-- ProjectNameinTableView -->
        <test-method status="SKIP" signature="SearchByContractorSearchTest()[pri:0, instance:testcases.HomePageTest@5025a98f]" name="SearchByContractorSearchTest" duration-ms="0" started-at="2022-04-26T01:09:59Z" description="Home Page:Search by Contractor Search Test" finished-at="2022-04-26T01:09:59Z">
          <reporter-output>
          </reporter-output>
        </test-method> <!-- SearchByContractorSearchTest -->
        <test-method status="SKIP" signature="setup()[pri:0, instance:testcases.HomePageTest@5025a98f]" name="setup" is-config="true" duration-ms="0" started-at="2022-04-26T01:09:59Z" finished-at="2022-04-26T01:09:59Z">
          <reporter-output>
          </reporter-output>
        </test-method> <!-- setup -->
        <test-method status="SKIP" signature="tearDown()[pri:0, instance:testcases.HomePageTest@5025a98f]" name="tearDown" is-config="true" duration-ms="0" started-at="2022-04-26T01:09:59Z" finished-at="2022-04-26T01:09:59Z">
          <reporter-output>
          </reporter-output>
        </test-method> <!-- tearDown -->
        <test-method status="SKIP" signature="setup()[pri:0, instance:testcases.HomePageTest@5025a98f]" name="setup" is-config="true" duration-ms="0" started-at="2022-04-26T01:09:59Z" finished-at="2022-04-26T01:09:59Z">
          <reporter-output>
          </reporter-output>
        </test-method> <!-- setup -->
        <test-method status="SKIP" signature="tearDown()[pri:0, instance:testcases.HomePageTest@5025a98f]" name="tearDown" is-config="true" duration-ms="0" started-at="2022-04-26T01:09:59Z" finished-at="2022-04-26T01:09:59Z">
          <reporter-output>
          </reporter-output>
        </test-method> <!-- tearDown -->
        <test-method status="SKIP" signature="SingleContractorView()[pri:0, instance:testcases.HomePageTest@5025a98f]" name="SingleContractorView" duration-ms="0" started-at="2022-04-26T01:09:59Z" description="Home Page:Single Contractors image Test" finished-at="2022-04-26T01:09:59Z">
          <reporter-output>
          </reporter-output>
        </test-method> <!-- SingleContractorView -->
        <test-method status="SKIP" signature="tearDown()[pri:0, instance:testcases.HomePageTest@5025a98f]" name="tearDown" is-config="true" duration-ms="0" started-at="2022-04-26T01:09:59Z" finished-at="2022-04-26T01:09:59Z">
          <reporter-output>
          </reporter-output>
        </test-method> <!-- tearDown -->
        <test-method status="SKIP" signature="setup()[pri:0, instance:testcases.HomePageTest@5025a98f]" name="setup" is-config="true" duration-ms="0" started-at="2022-04-26T01:09:59Z" finished-at="2022-04-26T01:09:59Z">
          <reporter-output>
          </reporter-output>
        </test-method> <!-- setup -->
        <test-method status="SKIP" signature="projectselection()[pri:0, instance:testcases.HomePageTest@5025a98f]" name="projectselection" duration-ms="0" started-at="2022-04-26T01:09:59Z" description="Home Page:Project Name Selection Test" finished-at="2022-04-26T01:09:59Z">
          <reporter-output>
          </reporter-output>
        </test-method> <!-- projectselection -->
      </class> <!-- testcases.HomePageTest -->
    </test> <!-- Default test -->
  </suite> <!-- Default suite -->
</testng-results>
