<?xml version="1.0" encoding="UTF-8"?>
<testng-results ignored="0" total="4" passed="4" failed="0" skipped="0">
  <reporter-output>
  </reporter-output>
  <suite started-at="2022-04-27T11:19:10 IST" name="Default suite" finished-at="2022-04-27T11:21:10 IST" duration-ms="120026">
    <groups>
    </groups>
    <test started-at="2022-04-27T11:19:10 IST" name="Default test" finished-at="2022-04-27T11:21:10 IST" duration-ms="120026">
      <class name="testcases.LoginPageTest">
        <test-method is-config="true" signature="setup()[pri:0, instance:testcases.LoginPageTest@20ce78ec]" started-at="2022-04-27T11:19:10 IST" name="setup" finished-at="2022-04-27T11:20:04 IST" duration-ms="53929" status="PASS">
          <reporter-output>
          </reporter-output>
        </test-method> <!-- setup -->
        <test-method signature="LoginPageTitleTest()[pri:0, instance:testcases.LoginPageTest@20ce78ec]" started-at="2022-04-27T11:20:04 IST" name="LoginPageTitleTest" description="Login Page: Page Title Test" finished-at="2022-04-27T11:20:05 IST" duration-ms="1280" status="PASS">
          <reporter-output>
          </reporter-output>
        </test-method> <!-- LoginPageTitleTest -->
        <test-method is-config="true" signature="tearDown()[pri:0, instance:testcases.LoginPageTest@20ce78ec]" started-at="2022-04-27T11:20:05 IST" name="tearDown" finished-at="2022-04-27T11:20:08 IST" duration-ms="3046" status="PASS">
          <reporter-output>
          </reporter-output>
        </test-method> <!-- tearDown -->
        <test-method is-config="true" signature="setup()[pri:0, instance:testcases.LoginPageTest@20ce78ec]" started-at="2022-04-27T11:20:08 IST" name="setup" finished-at="2022-04-27T11:20:21 IST" duration-ms="12676" status="PASS">
          <reporter-output>
          </reporter-output>
        </test-method> <!-- setup -->
        <test-method signature="LoginPageImageVerification()[pri:1, instance:testcases.LoginPageTest@20ce78ec]" started-at="2022-04-27T11:20:21 IST" name="LoginPageImageVerification" description="Login Page: Page Image Test" finished-at="2022-04-27T11:20:32 IST" duration-ms="11135" status="PASS">
          <reporter-output>
          </reporter-output>
        </test-method> <!-- LoginPageImageVerification -->
        <test-method is-config="true" signature="tearDown()[pri:0, instance:testcases.LoginPageTest@20ce78ec]" started-at="2022-04-27T11:20:32 IST" name="tearDown" finished-at="2022-04-27T11:20:34 IST" duration-ms="1443" status="PASS">
          <reporter-output>
          </reporter-output>
        </test-method> <!-- tearDown -->
        <test-method is-config="true" signature="setup()[pri:0, instance:testcases.LoginPageTest@20ce78ec]" started-at="2022-04-27T11:20:34 IST" name="setup" finished-at="2022-04-27T11:20:46 IST" duration-ms="12368" status="PASS">
          <reporter-output>
          </reporter-output>
        </test-method> <!-- setup -->
        <test-method signature="ForgotPasswordImageVerification()[pri:2, instance:testcases.LoginPageTest@20ce78ec]" started-at="2022-04-27T11:20:46 IST" name="ForgotPasswordImageVerification" description="Login Page: Forgot Password Image Test" finished-at="2022-04-27T11:20:52 IST" duration-ms="5678" status="PASS">
          <reporter-output>
          </reporter-output>
        </test-method> <!-- ForgotPasswordImageVerification -->
        <test-method is-config="true" signature="tearDown()[pri:0, instance:testcases.LoginPageTest@20ce78ec]" started-at="2022-04-27T11:20:52 IST" name="tearDown" finished-at="2022-04-27T11:20:53 IST" duration-ms="1138" status="PASS">
          <reporter-output>
          </reporter-output>
        </test-method> <!-- tearDown -->
        <test-method is-config="true" signature="setup()[pri:0, instance:testcases.LoginPageTest@20ce78ec]" started-at="2022-04-27T11:20:53 IST" name="setup" finished-at="2022-04-27T11:21:06 IST" duration-ms="12726" status="PASS">
          <reporter-output>
          </reporter-output>
        </test-method> <!-- setup -->
        <test-method signature="LoginTest()[pri:3, instance:testcases.LoginPageTest@20ce78ec]" started-at="2022-04-27T11:21:06 IST" name="LoginTest" description="Login Page: Login to Application" finished-at="2022-04-27T11:21:08 IST" duration-ms="2905" status="PASS">
          <reporter-output>
          </reporter-output>
        </test-method> <!-- LoginTest -->
        <test-method is-config="true" signature="tearDown()[pri:0, instance:testcases.LoginPageTest@20ce78ec]" started-at="2022-04-27T11:21:08 IST" name="tearDown" finished-at="2022-04-27T11:21:10 IST" duration-ms="1326" status="PASS">
          <reporter-output>
          </reporter-output>
        </test-method> <!-- tearDown -->
      </class> <!-- testcases.LoginPageTest -->
    </test> <!-- Default test -->
  </suite> <!-- Default suite -->
</testng-results>
