<?xml version="1.0" encoding="UTF-8"?>
<!-- Generated by org.testng.reporters.JUnitXMLReporter -->
<testsuite hostname="test" name="InSightTest Test Cases3" tests="49" failures="0" timestamp="1 Dec 2021 12:37:14 GMT" time="1278.977" errors="0">
  <testcase name="ProjectName" time="3.121" classname="testcases.DetailsPageTest"/>
  <testcase name="ProjectNumber" time="2.885" classname="testcases.DetailsPageTest"/>
  <testcase name="ProjectEthnicity" time="3.428" classname="testcases.DetailsPageTest"/>
  <testcase name="ProjectGender" time="3.32" classname="testcases.DetailsPageTest"/>
  <testcase name="SiteAddressStreet1" time="4.067" classname="testcases.DetailsPageTest"/>
  <testcase name="SiteAddressStreet2" time="3.43" classname="testcases.DetailsPageTest"/>
  <testcase name="SiteAddressCity" time="3.195" classname="testcases.DetailsPageTest"/>
  <testcase name="SiteAddressCountry" time="3.773" classname="testcases.DetailsPageTest"/>
  <testcase name="SiteAddressState" time="2.379" classname="testcases.DetailsPageTest"/>
  <testcase name="SiteAddressZipCode" time="4.057" classname="testcases.DetailsPageTest"/>
  <testcase name="SiteAddressEffectiveDate" time="3.529" classname="testcases.DetailsPageTest"/>
  <testcase name="AddressType1" time="3.698" classname="testcases.DetailsPageTest"/>
  <testcase name="CorporateAddressStreet1" time="3.39" classname="testcases.DetailsPageTest"/>
  <testcase name="CorporateAddressStreet2" time="2.968" classname="testcases.DetailsPageTest"/>
  <testcase name="CorporateAddressCity" time="3.432" classname="testcases.DetailsPageTest"/>
  <testcase name="CorporateAddressCountry" time="3.372" classname="testcases.DetailsPageTest"/>
  <testcase name="CorporateAddressState" time="3.766" classname="testcases.DetailsPageTest"/>
  <testcase name="CorporateAddressZipCode" time="3.431" classname="testcases.DetailsPageTest"/>
  <testcase name="CorporateAddressEffectiveDate" time="3.545" classname="testcases.DetailsPageTest"/>
  <testcase name="AddressType2" time="10.43" classname="testcases.DetailsPageTest"/>
  <testcase name="CorporateAddressUpdatebutton" time="3.106" classname="testcases.DetailsPageTest"/>
  <testcase name="CorporateAddressCancelbutton" time="3.727" classname="testcases.DetailsPageTest"/>
  <testcase name="AddNewbutton" time="3.211" classname="testcases.DetailsPageTest"/>
  <testcase name="ScheduledStartDate" time="3.162" classname="testcases.DetailsPageTest"/>
  <testcase name="ScheduledEndDate" time="2.924" classname="testcases.DetailsPageTest"/>
  <testcase name="ActualStartDate" time="3.762" classname="testcases.DetailsPageTest"/>
  <testcase name="ActualEndDate" time="3.46" classname="testcases.DetailsPageTest"/>
  <testcase name="TotalContractAmount" time="3.281" classname="testcases.DetailsPageTest"/>
  <testcase name="TotalContractHours" time="3.117" classname="testcases.DetailsPageTest"/>
  <testcase name="SetupLink" time="2.879" classname="testcases.DetailsPageTest"/>
  <testcase name="Cancelbutton" time="4.826" classname="testcases.DetailsPageTest"/>
  <testcase name="Savebutton" time="4.336" classname="testcases.DetailsPageTest"/>
  <testcase name="ConfigurationTab" time="3.781" classname="testcases.DetailsPageTest"/>
  <testcase name="ProjectReportInterval" time="3.649" classname="testcases.DetailsPageTest"/>
  <testcase name="ProjectReportDate" time="3.677" classname="testcases.DetailsPageTest"/>
  <testcase name="FiscalYearEndMonth" time="1.531" classname="testcases.DetailsPageTest"/>
  <testcase name="FiscalYearEndDay" time="4.558" classname="testcases.DetailsPageTest"/>
  <testcase name="ManHoursReportingInterval" time="3.526" classname="testcases.DetailsPageTest"/>
  <testcase name="ManHoursReportingDay" time="3.924" classname="testcases.DetailsPageTest"/>
  <testcase name="ManHoursReportingPreDueWindow" time="3.962" classname="testcases.DetailsPageTest"/>
  <testcase name="ManHoursReportingPostDueWindow" time="3.505" classname="testcases.DetailsPageTest"/>
  <testcase name="ProjectScalar" time="3.817" classname="testcases.DetailsPageTest"/>
  <testcase name="SupportedEntityTypes" time="3.604" classname="testcases.DetailsPageTest"/>
  <testcase name="TestProjectLookup" time="7.65" classname="testcases.DetailsPageTest"/>
  <testcase name="SubcontractorPageLaunch" time="0.783" classname="testcases.DetailsPageTest"/>
  <testcase name="DetailsPageDropdownVerification" time="107.833" classname="testcases.DetailsPageTest"/>
  <testcase name="CertificationImageVerification" time="13.293" classname="testcases.DetailsPageTest"/>
  <testcase name="LaborStandardImageVerification" time="6.554" classname="testcases.DetailsPageTest"/>
  <testcase name="TrackCommitmentsImageVerification" time="6.919" classname="testcases.DetailsPageTest"/>
</testsuite> <!-- InSightTest Test Cases3 -->
