<?xml version="1.0" encoding="UTF-8"?>
<!-- Generated by org.testng.reporters.JUnitXMLReporter -->
<testsuite hostname="test" name="InSightTest Test Cases1" tests="3" failures="0" timestamp="22 Mar 2022 09:21:25 GMT" time="94.003" errors="0">
  <testcase name="HomePageImage" time="12.699" classname="testcases.HomePageT1Test"/>
  <testcase name="HomePageSection" time="5.023" classname="testcases.HomePageT1Test"/>
  <testcase name="ProjectSelection" time="7.173" classname="testcases.HomePageT1Test"/>
</testsuite> <!-- InSightTest Test Cases1 -->
